<?xml version="1.0" encoding="UTF-8"?>
<testsuite xmlns:xsi="http://www.w3.org/2001/XMLSchema-instance" xsi:noNamespaceSchemaLocation="https://maven.apache.org/surefire/maven-surefire-plugin/xsd/surefire-test-report-3.0.xsd" version="3.0" name="br.com.diogo.App.Contatos.AppContatosApplicationTests" time="7.781" tests="1" errors="0" skipped="0" failures="0">
  <properties>
    <property name="java.specification.version" value="21"/>
    <property name="sun.cpu.isalist" value="amd64"/>
    <property name="sun.jnu.encoding" value="Cp1252"/>
    <property name="java.class.path" value="C:\dev\aulaJava\Java2024Itau\AppContatos\target\test-classes;C:\dev\aulaJava\Java2024Itau\AppContatos\target\classes;C:\dev\apache-maven-3.9.6\localRepository\org\springframework\boot\spring-boot-starter-data-jpa\3.1.9\spring-boot-starter-data-jpa-3.1.9.jar;C:\dev\apache-maven-3.9.6\localRepository\org\springframework\boot\spring-boot-starter-aop\3.1.9\spring-boot-starter-aop-3.1.9.jar;C:\dev\apache-maven-3.9.6\localRepository\org\springframework\spring-aop\6.0.17\spring-aop-6.0.17.jar;C:\dev\apache-maven-3.9.6\localRepository\org\aspectj\aspectjweaver\1.9.21\aspectjweaver-1.9.21.jar;C:\dev\apache-maven-3.9.6\localRepository\org\springframework\boot\spring-boot-starter-jdbc\3.1.9\spring-boot-starter-jdbc-3.1.9.jar;C:\dev\apache-maven-3.9.6\localRepository\com\zaxxer\HikariCP\5.0.1\HikariCP-5.0.1.jar;C:\dev\apache-maven-3.9.6\localRepository\org\springframework\spring-jdbc\6.0.17\spring-jdbc-6.0.17.jar;C:\dev\apache-maven-3.9.6\localRepository\org\hibernate\orm\hibernate-core\6.2.22.Final\hibernate-core-6.2.22.Final.jar;C:\dev\apache-maven-3.9.6\localRepository\jakarta\persistence\jakarta.persistence-api\3.1.0\jakarta.persistence-api-3.1.0.jar;C:\dev\apache-maven-3.9.6\localRepository\jakarta\transaction\jakarta.transaction-api\2.0.1\jakarta.transaction-api-2.0.1.jar;C:\dev\apache-maven-3.9.6\localRepository\org\jboss\logging\jboss-logging\3.5.3.Final\jboss-logging-3.5.3.Final.jar;C:\dev\apache-maven-3.9.6\localRepository\org\hibernate\common\hibernate-commons-annotations\6.0.6.Final\hibernate-commons-annotations-6.0.6.Final.jar;C:\dev\apache-maven-3.9.6\localRepository\io\smallrye\jandex\3.0.5\jandex-3.0.5.jar;C:\dev\apache-maven-3.9.6\localRepository\com\fasterxml\classmate\1.5.1\classmate-1.5.1.jar;C:\dev\apache-maven-3.9.6\localRepository\net\bytebuddy\byte-buddy\1.14.12\byte-buddy-1.14.12.jar;C:\dev\apache-maven-3.9.6\localRepository\org\glassfish\jaxb\jaxb-runtime\4.0.4\jaxb-runtime-4.0.4.jar;C:\dev\apache-maven-3.9.6\localRepository\org\glassfish\jaxb\jaxb-core\4.0.4\jaxb-core-4.0.4.jar;C:\dev\apache-maven-3.9.6\localRepository\org\eclipse\angus\angus-activation\2.0.1\angus-activation-2.0.1.jar;C:\dev\apache-maven-3.9.6\localRepository\org\glassfish\jaxb\txw2\4.0.4\txw2-4.0.4.jar;C:\dev\apache-maven-3.9.6\localRepository\com\sun\istack\istack-commons-runtime\4.1.2\istack-commons-runtime-4.1.2.jar;C:\dev\apache-maven-3.9.6\localRepository\jakarta\inject\jakarta.inject-api\2.0.1\jakarta.inject-api-2.0.1.jar;C:\dev\apache-maven-3.9.6\localRepository\org\antlr\antlr4-runtime\4.10.1\antlr4-runtime-4.10.1.jar;C:\dev\apache-maven-3.9.6\localRepository\org\springframework\data\spring-data-jpa\3.1.9\spring-data-jpa-3.1.9.jar;C:\dev\apache-maven-3.9.6\localRepository\org\springframework\data\spring-data-commons\3.1.9\spring-data-commons-3.1.9.jar;C:\dev\apache-maven-3.9.6\localRepository\org\springframework\spring-orm\6.0.17\spring-orm-6.0.17.jar;C:\dev\apache-maven-3.9.6\localRepository\org\springframework\spring-context\6.0.17\spring-context-6.0.17.jar;C:\dev\apache-maven-3.9.6\localRepository\org\springframework\spring-tx\6.0.17\spring-tx-6.0.17.jar;C:\dev\apache-maven-3.9.6\localRepository\org\springframework\spring-beans\6.0.17\spring-beans-6.0.17.jar;C:\dev\apache-maven-3.9.6\localRepository\jakarta\annotation\jakarta.annotation-api\2.1.1\jakarta.annotation-api-2.1.1.jar;C:\dev\apache-maven-3.9.6\localRepository\org\slf4j\slf4j-api\2.0.12\slf4j-api-2.0.12.jar;C:\dev\apache-maven-3.9.6\localRepository\org\springframework\spring-aspects\6.0.17\spring-aspects-6.0.17.jar;C:\dev\apache-maven-3.9.6\localRepository\org\springframework\boot\spring-boot-starter-web\3.1.9\spring-boot-starter-web-3.1.9.jar;C:\dev\apache-maven-3.9.6\localRepository\org\springframework\boot\spring-boot-starter\3.1.9\spring-boot-starter-3.1.9.jar;C:\dev\apache-maven-3.9.6\localRepository\org\springframework\boot\spring-boot-starter-logging\3.1.9\spring-boot-starter-logging-3.1.9.jar;C:\dev\apache-maven-3.9.6\localRepository\ch\qos\logback\logback-classic\1.4.14\logback-classic-1.4.14.jar;C:\dev\apache-maven-3.9.6\localRepository\ch\qos\logback\logback-core\1.4.14\logback-core-1.4.14.jar;C:\dev\apache-maven-3.9.6\localRepository\org\apache\logging\log4j\log4j-to-slf4j\2.20.0\log4j-to-slf4j-2.20.0.jar;C:\dev\apache-maven-3.9.6\localRepository\org\apache\logging\log4j\log4j-api\2.20.0\log4j-api-2.20.0.jar;C:\dev\apache-maven-3.9.6\localRepository\org\slf4j\jul-to-slf4j\2.0.12\jul-to-slf4j-2.0.12.jar;C:\dev\apache-maven-3.9.6\localRepository\org\yaml\snakeyaml\1.33\snakeyaml-1.33.jar;C:\dev\apache-maven-3.9.6\localRepository\org\springframework\boot\spring-boot-starter-json\3.1.9\spring-boot-starter-json-3.1.9.jar;C:\dev\apache-maven-3.9.6\localRepository\com\fasterxml\jackson\core\jackson-databind\2.15.4\jackson-databind-2.15.4.jar;C:\dev\apache-maven-3.9.6\localRepository\com\fasterxml\jackson\core\jackson-annotations\2.15.4\jackson-annotations-2.15.4.jar;C:\dev\apache-maven-3.9.6\localRepository\com\fasterxml\jackson\core\jackson-core\2.15.4\jackson-core-2.15.4.jar;C:\dev\apache-maven-3.9.6\localRepository\com\fasterxml\jackson\datatype\jackson-datatype-jdk8\2.15.4\jackson-datatype-jdk8-2.15.4.jar;C:\dev\apache-maven-3.9.6\localRepository\com\fasterxml\jackson\datatype\jackson-datatype-jsr310\2.15.4\jackson-datatype-jsr310-2.15.4.jar;C:\dev\apache-maven-3.9.6\localRepository\com\fasterxml\jackson\module\jackson-module-parameter-names\2.15.4\jackson-module-parameter-names-2.15.4.jar;C:\dev\apache-maven-3.9.6\localRepository\org\springframework\boot\spring-boot-starter-tomcat\3.1.9\spring-boot-starter-tomcat-3.1.9.jar;C:\dev\apache-maven-3.9.6\localRepository\org\apache\tomcat\embed\tomcat-embed-core\10.1.19\tomcat-embed-core-10.1.19.jar;C:\dev\apache-maven-3.9.6\localRepository\org\apache\tomcat\embed\tomcat-embed-el\10.1.19\tomcat-embed-el-10.1.19.jar;C:\dev\apache-maven-3.9.6\localRepository\org\apache\tomcat\embed\tomcat-embed-websocket\10.1.19\tomcat-embed-websocket-10.1.19.jar;C:\dev\apache-maven-3.9.6\localRepository\org\springframework\spring-web\6.0.17\spring-web-6.0.17.jar;C:\dev\apache-maven-3.9.6\localRepository\io\micrometer\micrometer-observation\1.11.9\micrometer-observation-1.11.9.jar;C:\dev\apache-maven-3.9.6\localRepository\io\micrometer\micrometer-commons\1.11.9\micrometer-commons-1.11.9.jar;C:\dev\apache-maven-3.9.6\localRepository\org\springframework\spring-webmvc\6.0.17\spring-webmvc-6.0.17.jar;C:\dev\apache-maven-3.9.6\localRepository\org\springframework\spring-expression\6.0.17\spring-expression-6.0.17.jar;C:\dev\apache-maven-3.9.6\localRepository\org\springframework\boot\spring-boot-devtools\3.1.9\spring-boot-devtools-3.1.9.jar;C:\dev\apache-maven-3.9.6\localRepository\org\springframework\boot\spring-boot\3.1.9\spring-boot-3.1.9.jar;C:\dev\apache-maven-3.9.6\localRepository\org\springframework\boot\spring-boot-autoconfigure\3.1.9\spring-boot-autoconfigure-3.1.9.jar;C:\dev\apache-maven-3.9.6\localRepository\org\postgresql\postgresql\42.6.1\postgresql-42.6.1.jar;C:\dev\apache-maven-3.9.6\localRepository\org\checkerframework\checker-qual\3.31.0\checker-qual-3.31.0.jar;C:\dev\apache-maven-3.9.6\localRepository\com\h2database\h2\2.1.214\h2-2.1.214.jar;C:\dev\apache-maven-3.9.6\localRepository\org\springframework\boot\spring-boot-starter-test\3.1.9\spring-boot-starter-test-3.1.9.jar;C:\dev\apache-maven-3.9.6\localRepository\org\springframework\boot\spring-boot-test\3.1.9\spring-boot-test-3.1.9.jar;C:\dev\apache-maven-3.9.6\localRepository\org\springframework\boot\spring-boot-test-autoconfigure\3.1.9\spring-boot-test-autoconfigure-3.1.9.jar;C:\dev\apache-maven-3.9.6\localRepository\com\jayway\jsonpath\json-path\2.9.0\json-path-2.9.0.jar;C:\dev\apache-maven-3.9.6\localRepository\jakarta\xml\bind\jakarta.xml.bind-api\4.0.1\jakarta.xml.bind-api-4.0.1.jar;C:\dev\apache-maven-3.9.6\localRepository\jakarta\activation\jakarta.activation-api\2.1.2\jakarta.activation-api-2.1.2.jar;C:\dev\apache-maven-3.9.6\localRepository\net\minidev\json-smart\2.4.11\json-smart-2.4.11.jar;C:\dev\apache-maven-3.9.6\localRepository\net\minidev\accessors-smart\2.4.11\accessors-smart-2.4.11.jar;C:\dev\apache-maven-3.9.6\localRepository\org\ow2\asm\asm\9.3\asm-9.3.jar;C:\dev\apache-maven-3.9.6\localRepository\org\assertj\assertj-core\3.24.2\assertj-core-3.24.2.jar;C:\dev\apache-maven-3.9.6\localRepository\org\hamcrest\hamcrest\2.2\hamcrest-2.2.jar;C:\dev\apache-maven-3.9.6\localRepository\org\junit\jupiter\junit-jupiter\5.9.3\junit-jupiter-5.9.3.jar;C:\dev\apache-maven-3.9.6\localRepository\org\junit\jupiter\junit-jupiter-api\5.9.3\junit-jupiter-api-5.9.3.jar;C:\dev\apache-maven-3.9.6\localRepository\org\opentest4j\opentest4j\1.2.0\opentest4j-1.2.0.jar;C:\dev\apache-maven-3.9.6\localRepository\org\junit\platform\junit-platform-commons\1.9.3\junit-platform-commons-1.9.3.jar;C:\dev\apache-maven-3.9.6\localRepository\org\apiguardian\apiguardian-api\1.1.2\apiguardian-api-1.1.2.jar;C:\dev\apache-maven-3.9.6\localRepository\org\junit\jupiter\junit-jupiter-params\5.9.3\junit-jupiter-params-5.9.3.jar;C:\dev\apache-maven-3.9.6\localRepository\org\junit\jupiter\junit-jupiter-engine\5.9.3\junit-jupiter-engine-5.9.3.jar;C:\dev\apache-maven-3.9.6\localRepository\org\junit\platform\junit-platform-engine\1.9.3\junit-platform-engine-1.9.3.jar;C:\dev\apache-maven-3.9.6\localRepository\org\mockito\mockito-core\5.3.1\mockito-core-5.3.1.jar;C:\dev\apache-maven-3.9.6\localRepository\net\bytebuddy\byte-buddy-agent\1.14.12\byte-buddy-agent-1.14.12.jar;C:\dev\apache-maven-3.9.6\localRepository\org\objenesis\objenesis\3.3\objenesis-3.3.jar;C:\dev\apache-maven-3.9.6\localRepository\org\mockito\mockito-junit-jupiter\5.3.1\mockito-junit-jupiter-5.3.1.jar;C:\dev\apache-maven-3.9.6\localRepository\org\skyscreamer\jsonassert\1.5.1\jsonassert-1.5.1.jar;C:\dev\apache-maven-3.9.6\localRepository\com\vaadin\external\google\android-json\0.0.20131108.vaadin1\android-json-0.0.20131108.vaadin1.jar;C:\dev\apache-maven-3.9.6\localRepository\org\springframework\spring-core\6.0.17\spring-core-6.0.17.jar;C:\dev\apache-maven-3.9.6\localRepository\org\springframework\spring-jcl\6.0.17\spring-jcl-6.0.17.jar;C:\dev\apache-maven-3.9.6\localRepository\org\springframework\spring-test\6.0.17\spring-test-6.0.17.jar;C:\dev\apache-maven-3.9.6\localRepository\org\xmlunit\xmlunit-core\2.9.1\xmlunit-core-2.9.1.jar;"/>
    <property name="java.vm.vendor" value="Oracle Corporation"/>
    <property name="sun.arch.data.model" value="64"/>
    <property name="user.variant" value=""/>
    <property name="java.vendor.url" value="https://java.oracle.com/"/>
    <property name="user.timezone" value="America/Sao_Paulo"/>
    <property name="org.jboss.logging.provider" value="slf4j"/>
    <property name="os.name" value="Windows 11"/>
    <property name="java.vm.specification.version" value="21"/>
    <property name="sun.java.launcher" value="SUN_STANDARD"/>
    <property name="user.country" value="BR"/>
    <property name="sun.boot.library.path" value="C:\Program Files\Java\jdk-21\bin"/>
    <property name="sun.java.command" value="C:\Users\diogo\AppData\Local\Temp\surefire2965581031785861238\surefirebooter-20240310104919965_3.jar C:\Users\diogo\AppData\Local\Temp\surefire2965581031785861238 2024-03-10T10-49-19_795-jvmRun1 surefire-20240310104919965_1tmp surefire_0-20240310104919965_2tmp"/>
    <property name="jdk.debug" value="release"/>
    <property name="surefire.test.class.path" value="C:\dev\aulaJava\Java2024Itau\AppContatos\target\test-classes;C:\dev\aulaJava\Java2024Itau\AppContatos\target\classes;C:\dev\apache-maven-3.9.6\localRepository\org\springframework\boot\spring-boot-starter-data-jpa\3.1.9\spring-boot-starter-data-jpa-3.1.9.jar;C:\dev\apache-maven-3.9.6\localRepository\org\springframework\boot\spring-boot-starter-aop\3.1.9\spring-boot-starter-aop-3.1.9.jar;C:\dev\apache-maven-3.9.6\localRepository\org\springframework\spring-aop\6.0.17\spring-aop-6.0.17.jar;C:\dev\apache-maven-3.9.6\localRepository\org\aspectj\aspectjweaver\1.9.21\aspectjweaver-1.9.21.jar;C:\dev\apache-maven-3.9.6\localRepository\org\springframework\boot\spring-boot-starter-jdbc\3.1.9\spring-boot-starter-jdbc-3.1.9.jar;C:\dev\apache-maven-3.9.6\localRepository\com\zaxxer\HikariCP\5.0.1\HikariCP-5.0.1.jar;C:\dev\apache-maven-3.9.6\localRepository\org\springframework\spring-jdbc\6.0.17\spring-jdbc-6.0.17.jar;C:\dev\apache-maven-3.9.6\localRepository\org\hibernate\orm\hibernate-core\6.2.22.Final\hibernate-core-6.2.22.Final.jar;C:\dev\apache-maven-3.9.6\localRepository\jakarta\persistence\jakarta.persistence-api\3.1.0\jakarta.persistence-api-3.1.0.jar;C:\dev\apache-maven-3.9.6\localRepository\jakarta\transaction\jakarta.transaction-api\2.0.1\jakarta.transaction-api-2.0.1.jar;C:\dev\apache-maven-3.9.6\localRepository\org\jboss\logging\jboss-logging\3.5.3.Final\jboss-logging-3.5.3.Final.jar;C:\dev\apache-maven-3.9.6\localRepository\org\hibernate\common\hibernate-commons-annotations\6.0.6.Final\hibernate-commons-annotations-6.0.6.Final.jar;C:\dev\apache-maven-3.9.6\localRepository\io\smallrye\jandex\3.0.5\jandex-3.0.5.jar;C:\dev\apache-maven-3.9.6\localRepository\com\fasterxml\classmate\1.5.1\classmate-1.5.1.jar;C:\dev\apache-maven-3.9.6\localRepository\net\bytebuddy\byte-buddy\1.14.12\byte-buddy-1.14.12.jar;C:\dev\apache-maven-3.9.6\localRepository\org\glassfish\jaxb\jaxb-runtime\4.0.4\jaxb-runtime-4.0.4.jar;C:\dev\apache-maven-3.9.6\localRepository\org\glassfish\jaxb\jaxb-core\4.0.4\jaxb-core-4.0.4.jar;C:\dev\apache-maven-3.9.6\localRepository\org\eclipse\angus\angus-activation\2.0.1\angus-activation-2.0.1.jar;C:\dev\apache-maven-3.9.6\localRepository\org\glassfish\jaxb\txw2\4.0.4\txw2-4.0.4.jar;C:\dev\apache-maven-3.9.6\localRepository\com\sun\istack\istack-commons-runtime\4.1.2\istack-commons-runtime-4.1.2.jar;C:\dev\apache-maven-3.9.6\localRepository\jakarta\inject\jakarta.inject-api\2.0.1\jakarta.inject-api-2.0.1.jar;C:\dev\apache-maven-3.9.6\localRepository\org\antlr\antlr4-runtime\4.10.1\antlr4-runtime-4.10.1.jar;C:\dev\apache-maven-3.9.6\localRepository\org\springframework\data\spring-data-jpa\3.1.9\spring-data-jpa-3.1.9.jar;C:\dev\apache-maven-3.9.6\localRepository\org\springframework\data\spring-data-commons\3.1.9\spring-data-commons-3.1.9.jar;C:\dev\apache-maven-3.9.6\localRepository\org\springframework\spring-orm\6.0.17\spring-orm-6.0.17.jar;C:\dev\apache-maven-3.9.6\localRepository\org\springframework\spring-context\6.0.17\spring-context-6.0.17.jar;C:\dev\apache-maven-3.9.6\localRepository\org\springframework\spring-tx\6.0.17\spring-tx-6.0.17.jar;C:\dev\apache-maven-3.9.6\localRepository\org\springframework\spring-beans\6.0.17\spring-beans-6.0.17.jar;C:\dev\apache-maven-3.9.6\localRepository\jakarta\annotation\jakarta.annotation-api\2.1.1\jakarta.annotation-api-2.1.1.jar;C:\dev\apache-maven-3.9.6\localRepository\org\slf4j\slf4j-api\2.0.12\slf4j-api-2.0.12.jar;C:\dev\apache-maven-3.9.6\localRepository\org\springframework\spring-aspects\6.0.17\spring-aspects-6.0.17.jar;C:\dev\apache-maven-3.9.6\localRepository\org\springframework\boot\spring-boot-starter-web\3.1.9\spring-boot-starter-web-3.1.9.jar;C:\dev\apache-maven-3.9.6\localRepository\org\springframework\boot\spring-boot-starter\3.1.9\spring-boot-starter-3.1.9.jar;C:\dev\apache-maven-3.9.6\localRepository\org\springframework\boot\spring-boot-starter-logging\3.1.9\spring-boot-starter-logging-3.1.9.jar;C:\dev\apache-maven-3.9.6\localRepository\ch\qos\logback\logback-classic\1.4.14\logback-classic-1.4.14.jar;C:\dev\apache-maven-3.9.6\localRepository\ch\qos\logback\logback-core\1.4.14\logback-core-1.4.14.jar;C:\dev\apache-maven-3.9.6\localRepository\org\apache\logging\log4j\log4j-to-slf4j\2.20.0\log4j-to-slf4j-2.20.0.jar;C:\dev\apache-maven-3.9.6\localRepository\org\apache\logging\log4j\log4j-api\2.20.0\log4j-api-2.20.0.jar;C:\dev\apache-maven-3.9.6\localRepository\org\slf4j\jul-to-slf4j\2.0.12\jul-to-slf4j-2.0.12.jar;C:\dev\apache-maven-3.9.6\localRepository\org\yaml\snakeyaml\1.33\snakeyaml-1.33.jar;C:\dev\apache-maven-3.9.6\localRepository\org\springframework\boot\spring-boot-starter-json\3.1.9\spring-boot-starter-json-3.1.9.jar;C:\dev\apache-maven-3.9.6\localRepository\com\fasterxml\jackson\core\jackson-databind\2.15.4\jackson-databind-2.15.4.jar;C:\dev\apache-maven-3.9.6\localRepository\com\fasterxml\jackson\core\jackson-annotations\2.15.4\jackson-annotations-2.15.4.jar;C:\dev\apache-maven-3.9.6\localRepository\com\fasterxml\jackson\core\jackson-core\2.15.4\jackson-core-2.15.4.jar;C:\dev\apache-maven-3.9.6\localRepository\com\fasterxml\jackson\datatype\jackson-datatype-jdk8\2.15.4\jackson-datatype-jdk8-2.15.4.jar;C:\dev\apache-maven-3.9.6\localRepository\com\fasterxml\jackson\datatype\jackson-datatype-jsr310\2.15.4\jackson-datatype-jsr310-2.15.4.jar;C:\dev\apache-maven-3.9.6\localRepository\com\fasterxml\jackson\module\jackson-module-parameter-names\2.15.4\jackson-module-parameter-names-2.15.4.jar;C:\dev\apache-maven-3.9.6\localRepository\org\springframework\boot\spring-boot-starter-tomcat\3.1.9\spring-boot-starter-tomcat-3.1.9.jar;C:\dev\apache-maven-3.9.6\localRepository\org\apache\tomcat\embed\tomcat-embed-core\10.1.19\tomcat-embed-core-10.1.19.jar;C:\dev\apache-maven-3.9.6\localRepository\org\apache\tomcat\embed\tomcat-embed-el\10.1.19\tomcat-embed-el-10.1.19.jar;C:\dev\apache-maven-3.9.6\localRepository\org\apache\tomcat\embed\tomcat-embed-websocket\10.1.19\tomcat-embed-websocket-10.1.19.jar;C:\dev\apache-maven-3.9.6\localRepository\org\springframework\spring-web\6.0.17\spring-web-6.0.17.jar;C:\dev\apache-maven-3.9.6\localRepository\io\micrometer\micrometer-observation\1.11.9\micrometer-observation-1.11.9.jar;C:\dev\apache-maven-3.9.6\localRepository\io\micrometer\micrometer-commons\1.11.9\micrometer-commons-1.11.9.jar;C:\dev\apache-maven-3.9.6\localRepository\org\springframework\spring-webmvc\6.0.17\spring-webmvc-6.0.17.jar;C:\dev\apache-maven-3.9.6\localRepository\org\springframework\spring-expression\6.0.17\spring-expression-6.0.17.jar;C:\dev\apache-maven-3.9.6\localRepository\org\springframework\boot\spring-boot-devtools\3.1.9\spring-boot-devtools-3.1.9.jar;C:\dev\apache-maven-3.9.6\localRepository\org\springframework\boot\spring-boot\3.1.9\spring-boot-3.1.9.jar;C:\dev\apache-maven-3.9.6\localRepository\org\springframework\boot\spring-boot-autoconfigure\3.1.9\spring-boot-autoconfigure-3.1.9.jar;C:\dev\apache-maven-3.9.6\localRepository\org\postgresql\postgresql\42.6.1\postgresql-42.6.1.jar;C:\dev\apache-maven-3.9.6\localRepository\org\checkerframework\checker-qual\3.31.0\checker-qual-3.31.0.jar;C:\dev\apache-maven-3.9.6\localRepository\com\h2database\h2\2.1.214\h2-2.1.214.jar;C:\dev\apache-maven-3.9.6\localRepository\org\springframework\boot\spring-boot-starter-test\3.1.9\spring-boot-starter-test-3.1.9.jar;C:\dev\apache-maven-3.9.6\localRepository\org\springframework\boot\spring-boot-test\3.1.9\spring-boot-test-3.1.9.jar;C:\dev\apache-maven-3.9.6\localRepository\org\springframework\boot\spring-boot-test-autoconfigure\3.1.9\spring-boot-test-autoconfigure-3.1.9.jar;C:\dev\apache-maven-3.9.6\localRepository\com\jayway\jsonpath\json-path\2.9.0\json-path-2.9.0.jar;C:\dev\apache-maven-3.9.6\localRepository\jakarta\xml\bind\jakarta.xml.bind-api\4.0.1\jakarta.xml.bind-api-4.0.1.jar;C:\dev\apache-maven-3.9.6\localRepository\jakarta\activation\jakarta.activation-api\2.1.2\jakarta.activation-api-2.1.2.jar;C:\dev\apache-maven-3.9.6\localRepository\net\minidev\json-smart\2.4.11\json-smart-2.4.11.jar;C:\dev\apache-maven-3.9.6\localRepository\net\minidev\accessors-smart\2.4.11\accessors-smart-2.4.11.jar;C:\dev\apache-maven-3.9.6\localRepository\org\ow2\asm\asm\9.3\asm-9.3.jar;C:\dev\apache-maven-3.9.6\localRepository\org\assertj\assertj-core\3.24.2\assertj-core-3.24.2.jar;C:\dev\apache-maven-3.9.6\localRepository\org\hamcrest\hamcrest\2.2\hamcrest-2.2.jar;C:\dev\apache-maven-3.9.6\localRepository\org\junit\jupiter\junit-jupiter\5.9.3\junit-jupiter-5.9.3.jar;C:\dev\apache-maven-3.9.6\localRepository\org\junit\jupiter\junit-jupiter-api\5.9.3\junit-jupiter-api-5.9.3.jar;C:\dev\apache-maven-3.9.6\localRepository\org\opentest4j\opentest4j\1.2.0\opentest4j-1.2.0.jar;C:\dev\apache-maven-3.9.6\localRepository\org\junit\platform\junit-platform-commons\1.9.3\junit-platform-commons-1.9.3.jar;C:\dev\apache-maven-3.9.6\localRepository\org\apiguardian\apiguardian-api\1.1.2\apiguardian-api-1.1.2.jar;C:\dev\apache-maven-3.9.6\localRepository\org\junit\jupiter\junit-jupiter-params\5.9.3\junit-jupiter-params-5.9.3.jar;C:\dev\apache-maven-3.9.6\localRepository\org\junit\jupiter\junit-jupiter-engine\5.9.3\junit-jupiter-engine-5.9.3.jar;C:\dev\apache-maven-3.9.6\localRepository\org\junit\platform\junit-platform-engine\1.9.3\junit-platform-engine-1.9.3.jar;C:\dev\apache-maven-3.9.6\localRepository\org\mockito\mockito-core\5.3.1\mockito-core-5.3.1.jar;C:\dev\apache-maven-3.9.6\localRepository\net\bytebuddy\byte-buddy-agent\1.14.12\byte-buddy-agent-1.14.12.jar;C:\dev\apache-maven-3.9.6\localRepository\org\objenesis\objenesis\3.3\objenesis-3.3.jar;C:\dev\apache-maven-3.9.6\localRepository\org\mockito\mockito-junit-jupiter\5.3.1\mockito-junit-jupiter-5.3.1.jar;C:\dev\apache-maven-3.9.6\localRepository\org\skyscreamer\jsonassert\1.5.1\jsonassert-1.5.1.jar;C:\dev\apache-maven-3.9.6\localRepository\com\vaadin\external\google\android-json\0.0.20131108.vaadin1\android-json-0.0.20131108.vaadin1.jar;C:\dev\apache-maven-3.9.6\localRepository\org\springframework\spring-core\6.0.17\spring-core-6.0.17.jar;C:\dev\apache-maven-3.9.6\localRepository\org\springframework\spring-jcl\6.0.17\spring-jcl-6.0.17.jar;C:\dev\apache-maven-3.9.6\localRepository\org\springframework\spring-test\6.0.17\spring-test-6.0.17.jar;C:\dev\apache-maven-3.9.6\localRepository\org\xmlunit\xmlunit-core\2.9.1\xmlunit-core-2.9.1.jar;"/>
    <property name="sun.cpu.endian" value="little"/>
    <property name="user.home" value="C:\Users\diogo"/>
    <property name="user.language" value="pt"/>
    <property name="java.specification.vendor" value="Oracle Corporation"/>
    <property name="java.version.date" value="2024-01-16"/>
    <property name="java.home" value="C:\Program Files\Java\jdk-21"/>
    <property name="file.separator" value="\"/>
    <property name="basedir" value="C:\dev\aulaJava\Java2024Itau\AppContatos"/>
    <property name="style.color" value="always"/>
    <property name="java.vm.compressedOopsMode" value="Zero based"/>
    <property name="line.separator" value="&#10;"/>
    <property name="java.vm.specification.vendor" value="Oracle Corporation"/>
    <property name="java.specification.name" value="Java Platform API Specification"/>
    <property name="FILE_LOG_CHARSET" value="UTF-8"/>
    <property name="java.awt.headless" value="true"/>
    <property name="surefire.real.class.path" value="C:\Users\diogo\AppData\Local\Temp\surefire2965581031785861238\surefirebooter-20240310104919965_3.jar"/>
    <property name="user.script" value=""/>
    <property name="sun.management.compiler" value="HotSpot 64-Bit Tiered Compilers"/>
    <property name="java.runtime.version" value="21.0.2+13-LTS-58"/>
    <property name="user.name" value="diogo"/>
    <property name="stdout.encoding" value="Cp1252"/>
    <property name="path.separator" value=";"/>
    <property name="os.version" value="10.0"/>
    <property name="java.runtime.name" value="Java(TM) SE Runtime Environment"/>
    <property name="file.encoding" value="UTF-8"/>
    <property name="java.vm.name" value="Java HotSpot(TM) 64-Bit Server VM"/>
    <property name="localRepository" value="C:\dev\apache-maven-3.9.6\localRepository"/>
    <property name="java.vendor.url.bug" value="https://bugreport.java.com/bugreport/"/>
    <property name="java.io.tmpdir" value="C:\Users\diogo\AppData\Local\Temp\"/>
    <property name="com.zaxxer.hikari.pool_number" value="1"/>
    <property name="java.version" value="21.0.2"/>
    <property name="user.dir" value="C:\dev\aulaJava\Java2024Itau\AppContatos"/>
    <property name="os.arch" value="amd64"/>
    <property name="java.vm.specification.name" value="Java Virtual Machine Specification"/>
    <property name="PID" value="21220"/>
    <property name="sun.os.patch.level" value=""/>
    <property name="CONSOLE_LOG_CHARSET" value="UTF-8"/>
    <property name="native.encoding" value="Cp1252"/>
    <property name="java.library.path" value="C:\Program Files\Java\jdk-21\bin;C:\WINDOWS\Sun\Java\bin;C:\WINDOWS\system32;C:\WINDOWS;C:/Program Files/Java/jdk-17.0.1/bin/server;C:/Program Files/Java/jdk-17.0.1/bin;C:\Python312\Scripts\;C:\Python312\;C:\Program Files (x86)\Razer Chroma SDK\bin;C:\Program Files\Razer Chroma SDK\bin;C:\Program Files (x86)\Razer\ChromaBroadcast\bin;C:\Program Files\Razer\ChromaBroadcast\bin;C:\Program Files\Common Files\Oracle\Java\javapath;C:\Program Files (x86)\Common Files\Oracle\Java\javapath;C:\Windows\system32;C:\Windows;C:\Windows\System32\Wbem;C:\Windows\System32\WindowsPowerShell\v1.0\;C:\Windows\System32\OpenSSH\;C:\Program Files\NVIDIA Corporation\NVIDIA NvDLISR;C:\Program Files (x86)\NVIDIA Corporation\PhysX\Common;C:\Program Files\PuTTY\;C:\WINDOWS\system32;C:\WINDOWS;C:\WINDOWS\System32\Wbem;C:\WINDOWS\System32\WindowsPowerShell\v1.0\;C:\WINDOWS\System32\OpenSSH\;C:\ProgramData\chocolatey\bin;C:\WINDOWS\system32\config\systemprofile\AppData\Local\Microsoft\WindowsApps;C:\Program Files\Microsoft SQL Server\150\Tools\Binn\;C:\Program Files\dotnet\;C:\Program Files\Microsoft SQL Server\130\Tools\Binn\;C:\Program Files (x86)\Microsoft SQL Server\110\DTS\Binn\;C:\Program Files (x86)\Microsoft SQL Server\120\DTS\Binn\;C:\Program Files (x86)\Microsoft SQL Server\130\DTS\Binn\;C:\Program Files (x86)\Microsoft SQL Server\140\DTS\Binn\;C:\Program Files (x86)\Microsoft SQL Server\150\DTS\Binn\;C:\Program Files (x86)\Microsoft SQL Server\160\DTS\Binn\;C:\WINDOWS\system32;C:\WINDOWS;C:\WINDOWS\System32\Wbem;C:\WINDOWS\System32\WindowsPowerShell\v1.0\;C:\WINDOWS\System32\OpenSSH\;C:\Program Files (x86)\Gow\bin;C:\Program Files\PowerShell\7\;%JAVA_HOME%\bin;C:\Program Files\Go\bin;C:\Program Files\nodejs\;C:\dev\apache-maven-3.9.6\bin;C:\Program Files\Git\cmd;C:\Program Files\Docker\Docker\resources\bin;C:\Users\diogo\AppData\Local\Programs\Python\Python311\Scripts\;C:\Users\diogo\AppData\Local\Programs\Python\Python311\;C:\Users\diogo\AppData\Local\Microsoft\WindowsApps;C:\Users\diogo\AppData\Local\Programs\Microsoft VS Code\bin;C:\Users\diogo\.dotnet\tools;C:\Users\diogo\AppData\Local\GitHubDesktop\bin;%JAVA_HOME%;C:\hadoop\winutils-master\hadoop-3.0.0;C:\hadoop\winutils-master\hadoop-3.0.0\bin;%HADOOP__HOME%\sbin;C:\Users\diogo\go\bin;C:\flutter\bin;C:\Users\diogo\AppData\Roaming\npm;;C:\Users\diogo\AppData\Local\ffmpegio\ffmpeg-downloader\ffmpeg\bin;C:\Users\diogo\Desktop;;."/>
    <property name="java.vm.info" value="mixed mode, sharing"/>
    <property name="stderr.encoding" value="Cp1252"/>
    <property name="java.vendor" value="Oracle Corporation"/>
    <property name="java.vm.version" value="21.0.2+13-LTS-58"/>
    <property name="sun.io.unicode.encoding" value="UnicodeLittle"/>
    <property name="java.class.version" value="65.0"/>
  </properties>
  <testcase name="contextLoads" classname="br.com.diogo.App.Contatos.AppContatosApplicationTests" time="0.765">
    <system-out><![CDATA[10:49:21.065 [main] INFO org.springframework.test.context.support.AnnotationConfigContextLoaderUtils -- Could not detect default configuration classes for test class [br.com.diogo.App.Contatos.AppContatosApplicationTests]: AppContatosApplicationTests does not declare any static, non-private, non-final, nested classes annotated with @Configuration.
10:49:21.208 [main] INFO org.springframework.boot.test.context.SpringBootTestContextBootstrapper -- Found @SpringBootConfiguration br.com.diogo.App.Contatos.AppContatosApplication for test class br.com.diogo.App.Contatos.AppContatosApplicationTests
10:49:21.438 [main] INFO org.springframework.boot.devtools.restart.RestartApplicationListener -- Restart disabled due to context in which it is running

  .   ____          _            __ _ _
 /\\ / ___'_ __ _ _(_)_ __  __ _ \ \ \ \
( ( )\___ | '_ | '_| | '_ \/ _` | \ \ \ \
 \\/  ___)| |_)| | | | | || (_| |  ) ) ) )
  '  |____| .__|_| |_|_| |_\__, | / / / /
 =========|_|==============|___/=/_/_/_/
 :: Spring Boot ::                (v3.1.9)

2024-03-10T10:49:21.886-03:00  INFO 21220 --- [           main] b.c.d.A.C.AppContatosApplicationTests    : Starting AppContatosApplicationTests using Java 21.0.2 with PID 21220 (started by diogo in C:\dev\aulaJava\Java2024Itau\AppContatos)
2024-03-10T10:49:21.888-03:00  INFO 21220 --- [           main] b.c.d.A.C.AppContatosApplicationTests    : No active profile set, falling back to 1 default profile: "default"
2024-03-10T10:49:22.964-03:00  INFO 21220 --- [           main] .s.d.r.c.RepositoryConfigurationDelegate : Bootstrapping Spring Data JPA repositories in DEFAULT mode.
2024-03-10T10:49:23.087-03:00  INFO 21220 --- [           main] .s.d.r.c.RepositoryConfigurationDelegate : Finished Spring Data repository scanning in 98 ms. Found 3 JPA repository interfaces.
2024-03-10T10:49:23.710-03:00  INFO 21220 --- [           main] com.zaxxer.hikari.HikariDataSource       : HikariPool-1 - Starting...
2024-03-10T10:49:24.150-03:00  INFO 21220 --- [           main] com.zaxxer.hikari.pool.HikariPool        : HikariPool-1 - Added connection conn0: url=jdbc:h2:~/test user=SA
2024-03-10T10:49:24.153-03:00  INFO 21220 --- [           main] com.zaxxer.hikari.HikariDataSource       : HikariPool-1 - Start completed.
2024-03-10T10:49:24.246-03:00  INFO 21220 --- [           main] o.hibernate.jpa.internal.util.LogHelper  : HHH000204: Processing PersistenceUnitInfo [name: default]
2024-03-10T10:49:24.369-03:00  INFO 21220 --- [           main] org.hibernate.Version                    : HHH000412: Hibernate ORM core version 6.2.22.Final
2024-03-10T10:49:24.372-03:00  INFO 21220 --- [           main] org.hibernate.cfg.Environment            : HHH000406: Using bytecode reflection optimizer
2024-03-10T10:49:24.858-03:00  INFO 21220 --- [           main] o.s.o.j.p.SpringPersistenceUnitInfo      : No LoadTimeWeaver setup: ignoring JPA class transformer
2024-03-10T10:49:24.933-03:00  WARN 21220 --- [           main] org.hibernate.orm.deprecation            : HHH90000025: H2Dialect does not need to be specified explicitly using 'hibernate.dialect' (remove the property setting and it will be selected by default)
2024-03-10T10:49:26.147-03:00  INFO 21220 --- [           main] o.h.e.t.j.p.i.JtaPlatformInitiator       : HHH000489: No JTA platform available (set 'hibernate.transaction.jta.platform' to enable JTA platform integration)
2024-03-10T10:49:26.150-03:00  INFO 21220 --- [           main] j.LocalContainerEntityManagerFactoryBean : Initialized JPA EntityManagerFactory for persistence unit 'default'
2024-03-10T10:49:26.810-03:00  INFO 21220 --- [           main] o.s.d.j.r.query.QueryEnhancerFactory     : Hibernate is in classpath; If applicable, HQL parser will be used.
2024-03-10T10:49:27.187-03:00  WARN 21220 --- [           main] JpaBaseConfiguration$JpaWebConfiguration : spring.jpa.open-in-view is enabled by default. Therefore, database queries may be performed during view rendering. Explicitly configure spring.jpa.open-in-view to disable this warning
2024-03-10T10:49:27.705-03:00  INFO 21220 --- [           main] o.s.b.a.h2.H2ConsoleAutoConfiguration    : H2 console available at '/h2-console'. Database available at 'jdbc:h2:~/test'
2024-03-10T10:49:27.798-03:00  INFO 21220 --- [           main] b.c.d.A.C.AppContatosApplicationTests    : Started AppContatosApplicationTests in 6.382 seconds (process running for 7.652)
]]></system-out>
    <system-err><![CDATA[WARNING: A Java agent has been loaded dynamically (C:\dev\apache-maven-3.9.6\localRepository\net\bytebuddy\byte-buddy-agent\1.14.12\byte-buddy-agent-1.14.12.jar)
WARNING: If a serviceability tool is in use, please run with -XX:+EnableDynamicAgentLoading to hide this warning
WARNING: If a serviceability tool is not in use, please run with -Djdk.instrument.traceUsage for more information
WARNING: Dynamic loading of agents will be disallowed by default in a future release
]]></system-err>
  </testcase>
</testsuite>